<?xml version="1.0" encoding="UTF-8"?>
<!-- Generated by org.testng.reporters.JUnitXMLReporter -->
<testsuite ignored="0" hostname="GURL5CG2076QJR" failures="0" tests="25" name="Test Basics" time="79.275" errors="0" timestamp="2024-03-15T12:04:21 IST">
  <testcase classname="api.test.UserTests" name="testPostUser" time="3.551"/>
  <testcase classname="api.test.UserTests" name="testGetUser" time="1.949"/>
  <testcase classname="api.test.UserTests" name="testUpdateUser" time="4.475"/>
  <testcase classname="api.test.UserTests" name="testdeleteUser" time="4.924"/>
  <testcase classname="api.test.UserTests2" name="testPostUser" time="2.39"/>
  <testcase classname="api.test.UserTests2" name="testGetUser" time="2.323"/>
  <testcase classname="api.test.UserTests2" name="testUpdateUser" time="4.137"/>
  <testcase classname="api.test.UserTests2" name="testdeleteUser" time="5.141"/>
  <testcase classname="api.test.PetTests" name="createPetToStore" time="2.524"/>
  <testcase classname="api.test.PetTests" name="createPetToStore" time="2.147"/>
  <testcase classname="api.test.PetTests" name="updatePetToStore" time="4.94"/>
  <testcase classname="api.test.PetTests" name="updatePetToStore" time="4.119"/>
  <testcase classname="api.test.DatadrivenTests" name="testPostUser" time="2.174"/>
  <testcase classname="api.test.DatadrivenTests" name="testPostUser" time="2.069"/>
  <testcase classname="api.test.DatadrivenTests" name="testPostUser" time="2.435"/>
  <testcase classname="api.test.DatadrivenTests" name="testPostUser" time="1.93"/>
  <testcase classname="api.test.DatadrivenTests" name="testDeleteUserByUserName" time="2.039"/>
  <testcase classname="api.test.DatadrivenTests" name="testDeleteUserByUserName" time="1.902"/>
  <testcase classname="api.test.DatadrivenTests" name="testDeleteUserByUserName" time="2.1"/>
  <testcase classname="api.test.DatadrivenTests" name="testDeleteUserByUserName" time="2.064"/>
  <testcase classname="api.test.DatadrivenTests" name="getStoreData" time="1.831"/>
  <testcase classname="api.test.DatadrivenTests" name="getStoreData" time="2.361"/>
  <testcase classname="api.test.DatadrivenTests" name="getStoreData" time="2.062"/>
  <testcase classname="api.test.DatadrivenTests" name="getDataOfCreatedStore" time="3.938"/>
  <testcase classname="api.test.DatadrivenTests" name="deletedataofStore" time="6.789"/>
</testsuite> <!-- Test Basics -->
