<?xml version="1.0" encoding="UTF-8"?>
<testsuite xmlns:xsi="http://www.w3.org/2001/XMLSchema-instance" xsi:noNamespaceSchemaLocation="https://maven.apache.org/surefire/maven-surefire-plugin/xsd/surefire-test-report-3.0.xsd" version="3.0" name="TestSuite" time="80.451" tests="25" errors="0" skipped="0" failures="0">
  <properties>
[...]
</properties>
  <testcase name="testPostUser" classname="api.test.UserTests" time="3.564">
    <system-out><![CDATA[Request method:	POST
Request URI:	https://petstore.swagger.io/v2/user
Proxy:			<none>
Request params:	<none>
Query params:	<none>
Form params:	<none>
Path params:	<none>
Headers:		Accept=application/json, application/javascript, text/javascript, text/json
				Content-Type=application/json
Cookies:		<none>
Multiparts:		<none>
Body:
{
    "id": 361380654,
    "username": "len.moore",
    "firstName": "m0r6k5fzw",
    "lastName": "Kuhn",
    "email": "roberto.cruickshank@example.com",
    "password": null,
    "phone": "(242) 639-5266",
    "userStatus": 0
}
HTTP/1.1 200 OK
Date: Fri, 15 Mar 2024 06:33:05 GMT
Content-Type: application/json
Transfer-Encoding: chunked
Connection: keep-alive
Access-Control-Allow-Origin: *
Access-Control-Allow-Methods: GET, POST, DELETE, PUT
Access-Control-Allow-Headers: Content-Type, api_key, Authorization
Server: Jetty(9.2.9.v20150224)

{
    "code": 200,
    "type": "unknown",
    "message": "361380654"
}
]]></system-out>
    <system-err><![CDATA[SLF4J: Failed to load class "org.slf4j.impl.StaticLoggerBinder".
SLF4J: Defaulting to no-operation (NOP) logger implementation
SLF4J: See http://www.slf4j.org/codes.html#StaticLoggerBinder for further details.
]]></system-err>
  </testcase>
  <testcase name="testGetUser" classname="api.test.UserTests" time="1.949">
    <system-out><![CDATA[Request method:	GET
Request URI:	https://petstore.swagger.io/v2/user/len.moore
Proxy:			<none>
Request params:	<none>
Query params:	<none>
Form params:	<none>
Path params:	username=len.moore
Headers:		Accept=*/*
Cookies:		<none>
Multiparts:		<none>
Body:			<none>
HTTP/1.1 200 OK
Date: Fri, 15 Mar 2024 06:33:07 GMT
Content-Type: application/json
Transfer-Encoding: chunked
Connection: keep-alive
Access-Control-Allow-Origin: *
Access-Control-Allow-Methods: GET, POST, DELETE, PUT
Access-Control-Allow-Headers: Content-Type, api_key, Authorization
Server: Jetty(9.2.9.v20150224)

{
    "id": 361380654,
    "username": "len.moore",
    "firstName": "m0r6k5fzw",
    "lastName": "Kuhn",
    "email": "roberto.cruickshank@example.com",
    "phone": "(242) 639-5266",
    "userStatus": 0
}
]]></system-out>
  </testcase>
  <testcase name="testUpdateUser" classname="api.test.UserTests" time="4.466">
    <system-out><![CDATA[Request method:	PUT
Request URI:	https://petstore.swagger.io/v2/user/len.moore
Proxy:			<none>
Request params:	<none>
Query params:	<none>
Form params:	<none>
Path params:	username=len.moore
Headers:		Accept=application/json, application/javascript, text/javascript, text/json
				Content-Type=application/json
Cookies:		<none>
Multiparts:		<none>
Body:
{
    "id": 361380654,
    "username": "len.moore",
    "firstName": "Donald",
    "lastName": "Hermann",
    "email": "anderson.lemke@example.com",
    "password": null,
    "phone": "(242) 639-5266",
    "userStatus": 0
}
HTTP/1.1 200 OK
Date: Fri, 15 Mar 2024 06:33:09 GMT
Content-Type: application/json
Transfer-Encoding: chunked
Connection: keep-alive
Access-Control-Allow-Origin: *
Access-Control-Allow-Methods: GET, POST, DELETE, PUT
Access-Control-Allow-Headers: Content-Type, api_key, Authorization
Server: Jetty(9.2.9.v20150224)

{
    "code": 200,
    "type": "unknown",
    "message": "361380654"
}
Request method:	GET
Request URI:	https://petstore.swagger.io/v2/user/len.moore
Proxy:			<none>
Request params:	<none>
Query params:	<none>
Form params:	<none>
Path params:	username=len.moore
Headers:		Accept=*/*
Cookies:		<none>
Multiparts:		<none>
Body:			<none>
HTTP/1.1 200 OK
Date: Fri, 15 Mar 2024 06:33:09 GMT
Content-Type: application/json
Transfer-Encoding: chunked
Connection: keep-alive
Access-Control-Allow-Origin: *
Access-Control-Allow-Methods: GET, POST, DELETE, PUT
Access-Control-Allow-Headers: Content-Type, api_key, Authorization
Server: Jetty(9.2.9.v20150224)

{
    "code": 200,
    "type": "unknown",
    "message": "361380654"
}
]]></system-out>
  </testcase>
  <testcase name="testdeleteUser" classname="api.test.UserTests" time="4.924">
    <system-out><![CDATA[Request method:	DELETE
Request URI:	https://petstore.swagger.io/v2/user/len.moore
Proxy:			<none>
Request params:	<none>
Query params:	<none>
Form params:	<none>
Path params:	username=len.moore
Headers:		Accept=*/*
Cookies:		<none>
Multiparts:		<none>
Body:			<none>
HTTP/1.1 200 OK
Date: Fri, 15 Mar 2024 06:33:14 GMT
Content-Type: application/json
Transfer-Encoding: chunked
Connection: keep-alive
Access-Control-Allow-Origin: *
Access-Control-Allow-Methods: GET, POST, DELETE, PUT
Access-Control-Allow-Headers: Content-Type, api_key, Authorization
Server: Jetty(9.2.9.v20150224)

{
    "code": 200,
    "type": "unknown",
    "message": "len.moore"
}
Request method:	GET
Request URI:	https://petstore.swagger.io/v2/user/len.moore
Proxy:			<none>
Request params:	<none>
Query params:	<none>
Form params:	<none>
Path params:	username=len.moore
Headers:		Accept=*/*
Cookies:		<none>
Multiparts:		<none>
Body:			<none>
HTTP/1.1 200 OK
Date: Fri, 15 Mar 2024 06:33:14 GMT
Content-Type: application/json
Transfer-Encoding: chunked
Connection: keep-alive
Access-Control-Allow-Origin: *
Access-Control-Allow-Methods: GET, POST, DELETE, PUT
Access-Control-Allow-Headers: Content-Type, api_key, Authorization
Server: Jetty(9.2.9.v20150224)

{
    "code": 200,
    "type": "unknown",
    "message": "len.moore"
}
]]></system-out>
  </testcase>
  <testcase name="testPostUser" classname="api.test.UserTests2" time="2.391">
    <system-out><![CDATA[Request method:	POST
Request URI:	https://petstore.swagger.io/v2/user
Proxy:			<none>
Request params:	<none>
Query params:	<none>
Form params:	<none>
Path params:	<none>
Headers:		Accept=application/json, application/javascript, text/javascript, text/json
				Content-Type=application/json
Cookies:		<none>
Multiparts:		<none>
Body:
{
    "id": 1155789797,
    "username": "mark.fritsch",
    "firstName": "fuciwi1",
    "lastName": "Lowe",
    "email": "jamie.hauck@example.com",
    "password": null,
    "phone": "122.293.7322",
    "userStatus": 0
}
HTTP/1.1 200 OK
Date: Fri, 15 Mar 2024 06:33:19 GMT
Content-Type: application/json
Transfer-Encoding: chunked
Connection: keep-alive
Access-Control-Allow-Origin: *
Access-Control-Allow-Methods: GET, POST, DELETE, PUT
Access-Control-Allow-Headers: Content-Type, api_key, Authorization
Server: Jetty(9.2.9.v20150224)

{
    "code": 200,
    "type": "unknown",
    "message": "1155789797"
}
]]></system-out>
  </testcase>
  <testcase name="testGetUser" classname="api.test.UserTests2" time="2.323">
    <system-out><![CDATA[Request method:	GET
Request URI:	https://petstore.swagger.io/v2/user/mark.fritsch
Proxy:			<none>
Request params:	<none>
Query params:	<none>
Form params:	<none>
Path params:	username=mark.fritsch
Headers:		Accept=*/*
Cookies:		<none>
Multiparts:		<none>
Body:			<none>
HTTP/1.1 200 OK
Date: Fri, 15 Mar 2024 06:33:21 GMT
Content-Type: application/json
Transfer-Encoding: chunked
Connection: keep-alive
Access-Control-Allow-Origin: *
Access-Control-Allow-Methods: GET, POST, DELETE, PUT
Access-Control-Allow-Headers: Content-Type, api_key, Authorization
Server: Jetty(9.2.9.v20150224)

{
    "id": 1155789797,
    "username": "mark.fritsch",
    "firstName": "fuciwi1",
    "lastName": "Lowe",
    "email": "jamie.hauck@example.com",
    "phone": "122.293.7322",
    "userStatus": 0
}
]]></system-out>
  </testcase>
  <testcase name="testUpdateUser" classname="api.test.UserTests2" time="4.137">
    <system-out><![CDATA[Request method:	PUT
Request URI:	https://petstore.swagger.io/v2/user/mark.fritsch
Proxy:			<none>
Request params:	<none>
Query params:	<none>
Form params:	<none>
Path params:	username=mark.fritsch
Headers:		Accept=application/json, application/javascript, text/javascript, text/json
				Content-Type=application/json
Cookies:		<none>
Multiparts:		<none>
Body:
{
    "id": 1155789797,
    "username": "mark.fritsch",
    "firstName": "Shirleen",
    "lastName": "Krajcik",
    "email": "josiah.shields@example.com",
    "password": null,
    "phone": "122.293.7322",
    "userStatus": 0
}
HTTP/1.1 200 OK
Date: Fri, 15 Mar 2024 06:33:23 GMT
Content-Type: application/json
Transfer-Encoding: chunked
Connection: keep-alive
Access-Control-Allow-Origin: *
Access-Control-Allow-Methods: GET, POST, DELETE, PUT
Access-Control-Allow-Headers: Content-Type, api_key, Authorization
Server: Jetty(9.2.9.v20150224)

{
    "code": 200,
    "type": "unknown",
    "message": "1155789797"
}
Request method:	GET
Request URI:	https://petstore.swagger.io/v2/user/mark.fritsch
Proxy:			<none>
Request params:	<none>
Query params:	<none>
Form params:	<none>
Path params:	username=mark.fritsch
Headers:		Accept=*/*
Cookies:		<none>
Multiparts:		<none>
Body:			<none>
HTTP/1.1 200 OK
Date: Fri, 15 Mar 2024 06:33:23 GMT
Content-Type: application/json
Transfer-Encoding: chunked
Connection: keep-alive
Access-Control-Allow-Origin: *
Access-Control-Allow-Methods: GET, POST, DELETE, PUT
Access-Control-Allow-Headers: Content-Type, api_key, Authorization
Server: Jetty(9.2.9.v20150224)

{
    "code": 200,
    "type": "unknown",
    "message": "1155789797"
}
]]></system-out>
  </testcase>
  <testcase name="testdeleteUser" classname="api.test.UserTests2" time="5.14">
    <system-out><![CDATA[Request method:	DELETE
Request URI:	https://petstore.swagger.io/v2/user/mark.fritsch
Proxy:			<none>
Request params:	<none>
Query params:	<none>
Form params:	<none>
Path params:	username=mark.fritsch
Headers:		Accept=*/*
Cookies:		<none>
Multiparts:		<none>
Body:			<none>
HTTP/1.1 200 OK
Date: Fri, 15 Mar 2024 06:33:28 GMT
Content-Type: application/json
Transfer-Encoding: chunked
Connection: keep-alive
Access-Control-Allow-Origin: *
Access-Control-Allow-Methods: GET, POST, DELETE, PUT
Access-Control-Allow-Headers: Content-Type, api_key, Authorization
Server: Jetty(9.2.9.v20150224)

{
    "code": 200,
    "type": "unknown",
    "message": "mark.fritsch"
}
Request method:	GET
Request URI:	https://petstore.swagger.io/v2/user/mark.fritsch
Proxy:			<none>
Request params:	<none>
Query params:	<none>
Form params:	<none>
Path params:	username=mark.fritsch
Headers:		Accept=*/*
Cookies:		<none>
Multiparts:		<none>
Body:			<none>
HTTP/1.1 200 OK
Date: Fri, 15 Mar 2024 06:33:28 GMT
Content-Type: application/json
Transfer-Encoding: chunked
Connection: keep-alive
Access-Control-Allow-Origin: *
Access-Control-Allow-Methods: GET, POST, DELETE, PUT
Access-Control-Allow-Headers: Content-Type, api_key, Authorization
Server: Jetty(9.2.9.v20150224)

{
    "code": 200,
    "type": "unknown",
    "message": "mark.fritsch"
}
]]></system-out>
  </testcase>
  <testcase name="createPetToStore[1, 101, VR, doggie, abc.com, 11, SK, available](1)" classname="api.test.PetTests" time="2.531">
    <system-out><![CDATA[HTTP/1.1 200 OK
Date: Fri, 15 Mar 2024 06:33:34 GMT
Content-Type: application/json
Transfer-Encoding: chunked
Connection: keep-alive
Access-Control-Allow-Origin: *
Access-Control-Allow-Methods: GET, POST, DELETE, PUT
Access-Control-Allow-Headers: Content-Type, api_key, Authorization
Server: Jetty(9.2.9.v20150224)

{
    "id": 1,
    "category": {
        "id": 101,
        "name": "VR"
    },
    "name": "doggie",
    "photoUrls": [
        "abc.com"
    ],
    "tags": [
        {
            "id": 11,
            "name": "SK"
        }
    ],
    "status": "available"
}
Create pet to store response is :{"id":1,"category":{"id":101,"name":"VR"},"name":"doggie","photoUrls":["abc.com"],"tags":[{"id":11,"name":"SK"}],"status":"available"}
]]></system-out>
  </testcase>
  <testcase name="createPetToStore[2, 102, DK, tommy, xyz.com, 12, YZ, available](2)" classname="api.test.PetTests" time="2.145">
    <system-out><![CDATA[HTTP/1.1 200 OK
Date: Fri, 15 Mar 2024 06:33:36 GMT
Content-Type: application/json
Transfer-Encoding: chunked
Connection: keep-alive
Access-Control-Allow-Origin: *
Access-Control-Allow-Methods: GET, POST, DELETE, PUT
Access-Control-Allow-Headers: Content-Type, api_key, Authorization
Server: Jetty(9.2.9.v20150224)

{
    "id": 2,
    "category": {
        "id": 102,
        "name": "DK"
    },
    "name": "tommy",
    "photoUrls": [
        "xyz.com"
    ],
    "tags": [
        {
            "id": 12,
            "name": "YZ"
        }
    ],
    "status": "available"
}
Create pet to store response is :{"id":2,"category":{"id":102,"name":"DK"},"name":"tommy","photoUrls":["xyz.com"],"tags":[{"id":12,"name":"YZ"}],"status":"available"}
]]></system-out>
  </testcase>
  <testcase name="updatePetToStore[1, 101, VR, doggie, abc.com, 11, SK, available](1)" classname="api.test.PetTests" time="4.943">
    <system-out><![CDATA[Request method:	PUT
Request URI:	https://petstore.swagger.io/v2/pet
Proxy:			<none>
Request params:	<none>
Query params:	<none>
Form params:	<none>
Path params:	<none>
Headers:		Accept=application/json, application/javascript, text/javascript, text/json
				Content-Type=application/json
Cookies:		<none>
Multiparts:		<none>
Body:
{
    "id": "1",
    "name": "doggie",
    "status": "available",
    "photoUrls": [
        "abc.com"
    ],
    "tags": [
        {
            "id": "11",
            "name": "SK"
        }
    ],
    "category": {
        "id": "101",
        "name": "VR"
    }
}
HTTP/1.1 200 OK
Date: Fri, 15 Mar 2024 06:33:39 GMT
Content-Type: application/json
Transfer-Encoding: chunked
Connection: keep-alive
Access-Control-Allow-Origin: *
Access-Control-Allow-Methods: GET, POST, DELETE, PUT
Access-Control-Allow-Headers: Content-Type, api_key, Authorization
Server: Jetty(9.2.9.v20150224)

{
    "id": 1,
    "category": {
        "id": 101,
        "name": "VR"
    },
    "name": "doggie",
    "photoUrls": [
        "abc.com"
    ],
    "tags": [
        {
            "id": 11,
            "name": "SK"
        }
    ],
    "status": "available"
}
Request method:	PUT
Request URI:	https://petstore.swagger.io/v2/pet
Proxy:			<none>
Request params:	<none>
Query params:	<none>
Form params:	<none>
Path params:	<none>
Headers:		Accept=application/json, application/javascript, text/javascript, text/json
				Content-Type=application/json
Cookies:		<none>
Multiparts:		<none>
Body:
{
    "id": "1",
    "name": "buzzo",
    "status": "available",
    "photoUrls": [
        "abc.com"
    ],
    "tags": [
        {
            "id": "11",
            "name": "SK"
        }
    ],
    "category": {
        "id": "101",
        "name": "VR"
    }
}
HTTP/1.1 200 OK
Date: Fri, 15 Mar 2024 06:33:42 GMT
Content-Type: application/json
Transfer-Encoding: chunked
Connection: keep-alive
Access-Control-Allow-Origin: *
Access-Control-Allow-Methods: GET, POST, DELETE, PUT
Access-Control-Allow-Headers: Content-Type, api_key, Authorization
Server: Jetty(9.2.9.v20150224)

{
    "id": 1,
    "category": {
        "id": 101,
        "name": "VR"
    },
    "name": "buzzo",
    "photoUrls": [
        "abc.com"
    ],
    "tags": [
        {
            "id": 11,
            "name": "SK"
        }
    ],
    "status": "available"
}
]]></system-out>
  </testcase>
  <testcase name="updatePetToStore[2, 102, DK, tommy, xyz.com, 12, YZ, available](2)" classname="api.test.PetTests" time="4.119">
    <system-out><![CDATA[Request method:	PUT
Request URI:	https://petstore.swagger.io/v2/pet
Proxy:			<none>
Request params:	<none>
Query params:	<none>
Form params:	<none>
Path params:	<none>
Headers:		Accept=application/json, application/javascript, text/javascript, text/json
				Content-Type=application/json
Cookies:		<none>
Multiparts:		<none>
Body:
{
    "id": "2",
    "name": "tommy",
    "status": "available",
    "photoUrls": [
        "xyz.com"
    ],
    "tags": [
        {
            "id": "12",
            "name": "YZ"
        }
    ],
    "category": {
        "id": "102",
        "name": "DK"
    }
}
HTTP/1.1 200 OK
Date: Fri, 15 Mar 2024 06:33:44 GMT
Content-Type: application/json
Transfer-Encoding: chunked
Connection: keep-alive
Access-Control-Allow-Origin: *
Access-Control-Allow-Methods: GET, POST, DELETE, PUT
Access-Control-Allow-Headers: Content-Type, api_key, Authorization
Server: Jetty(9.2.9.v20150224)

{
    "id": 2,
    "category": {
        "id": 102,
        "name": "DK"
    },
    "name": "tommy",
    "photoUrls": [
        "xyz.com"
    ],
    "tags": [
        {
            "id": 12,
            "name": "YZ"
        }
    ],
    "status": "available"
}
Request method:	PUT
Request URI:	https://petstore.swagger.io/v2/pet
Proxy:			<none>
Request params:	<none>
Query params:	<none>
Form params:	<none>
Path params:	<none>
Headers:		Accept=application/json, application/javascript, text/javascript, text/json
				Content-Type=application/json
Cookies:		<none>
Multiparts:		<none>
Body:
{
    "id": "2",
    "name": "buzzo",
    "status": "available",
    "photoUrls": [
        "xyz.com"
    ],
    "tags": [
        {
            "id": "12",
            "name": "YZ"
        }
    ],
    "category": {
        "id": "102",
        "name": "DK"
    }
}
HTTP/1.1 200 OK
Date: Fri, 15 Mar 2024 06:33:46 GMT
Content-Type: application/json
Transfer-Encoding: chunked
Connection: keep-alive
Access-Control-Allow-Origin: *
Access-Control-Allow-Methods: GET, POST, DELETE, PUT
Access-Control-Allow-Headers: Content-Type, api_key, Authorization
Server: Jetty(9.2.9.v20150224)

{
    "id": 2,
    "category": {
        "id": 102,
        "name": "DK"
    },
    "name": "buzzo",
    "photoUrls": [
        "xyz.com"
    ],
    "tags": [
        {
            "id": 12,
            "name": "YZ"
        }
    ],
    "status": "available"
}
]]></system-out>
  </testcase>
  <testcase name="testPostUser[1001, testUser1, John, Cena, a@gmail.com, test@1, 1232434788](1)" classname="api.test.DatadrivenTests" time="2.175">
    <system-out><![CDATA[Request method:	POST
Request URI:	https://petstore.swagger.io/v2/user
Proxy:			<none>
Request params:	<none>
Query params:	<none>
Form params:	<none>
Path params:	<none>
Headers:		Accept=application/json, application/javascript, text/javascript, text/json
				Content-Type=application/json
Cookies:		<none>
Multiparts:		<none>
Body:
{
    "id": 1001,
    "username": "testUser1",
    "firstName": "John",
    "lastName": "Cena",
    "email": "a@gmail.com",
    "password": "test@1",
    "phone": "1232434788",
    "userStatus": 0
}
HTTP/1.1 200 OK
Date: Fri, 15 Mar 2024 06:33:48 GMT
Content-Type: application/json
Transfer-Encoding: chunked
Connection: keep-alive
Access-Control-Allow-Origin: *
Access-Control-Allow-Methods: GET, POST, DELETE, PUT
Access-Control-Allow-Headers: Content-Type, api_key, Authorization
Server: Jetty(9.2.9.v20150224)

{
    "code": 200,
    "type": "unknown",
    "message": "1001"
}
]]></system-out>
  </testcase>
  <testcase name="testPostUser[1002, testUser2, Sam, Kapoor, b@gmail.com, test@2, 9876345211](2)" classname="api.test.DatadrivenTests" time="2.071">
    <system-out><![CDATA[Request method:	POST
Request URI:	https://petstore.swagger.io/v2/user
Proxy:			<none>
Request params:	<none>
Query params:	<none>
Form params:	<none>
Path params:	<none>
Headers:		Accept=application/json, application/javascript, text/javascript, text/json
				Content-Type=application/json
Cookies:		<none>
Multiparts:		<none>
Body:
{
    "id": 1002,
    "username": "testUser2",
    "firstName": "Sam",
    "lastName": "Kapoor",
    "email": "b@gmail.com",
    "password": "test@2",
    "phone": "9876345211",
    "userStatus": 0
}
HTTP/1.1 200 OK
Date: Fri, 15 Mar 2024 06:33:50 GMT
Content-Type: application/json
Transfer-Encoding: chunked
Connection: keep-alive
Access-Control-Allow-Origin: *
Access-Control-Allow-Methods: GET, POST, DELETE, PUT
Access-Control-Allow-Headers: Content-Type, api_key, Authorization
Server: Jetty(9.2.9.v20150224)

{
    "code": 200,
    "type": "unknown",
    "message": "1002"
}
]]></system-out>
  </testcase>
  <testcase name="testPostUser[1003, tes, Himaya, Thakral, c@gmail.com, test@3, 9112763388](3)" classname="api.test.DatadrivenTests" time="2.434">
    <system-out><![CDATA[Request method:	POST
Request URI:	https://petstore.swagger.io/v2/user
Proxy:			<none>
Request params:	<none>
Query params:	<none>
Form params:	<none>
Path params:	<none>
Headers:		Accept=application/json, application/javascript, text/javascript, text/json
				Content-Type=application/json
Cookies:		<none>
Multiparts:		<none>
Body:
{
    "id": 1003,
    "username": "tes",
    "firstName": "Himaya",
    "lastName": "Thakral",
    "email": "c@gmail.com",
    "password": "test@3",
    "phone": "9112763388",
    "userStatus": 0
}
HTTP/1.1 200 OK
Date: Fri, 15 Mar 2024 06:33:53 GMT
Content-Type: application/json
Transfer-Encoding: chunked
Connection: keep-alive
Access-Control-Allow-Origin: *
Access-Control-Allow-Methods: GET, POST, DELETE, PUT
Access-Control-Allow-Headers: Content-Type, api_key, Authorization
Server: Jetty(9.2.9.v20150224)

{
    "code": 200,
    "type": "unknown",
    "message": "1003"
}
]]></system-out>
  </testcase>
  <testcase name="testPostUser[1004, tes2, Himalya, aggrawal, d@gmail.com, test@4 , 9112763399](4)" classname="api.test.DatadrivenTests" time="1.931">
    <system-out><![CDATA[Request method:	POST
Request URI:	https://petstore.swagger.io/v2/user
Proxy:			<none>
Request params:	<none>
Query params:	<none>
Form params:	<none>
Path params:	<none>
Headers:		Accept=application/json, application/javascript, text/javascript, text/json
				Content-Type=application/json
Cookies:		<none>
Multiparts:		<none>
Body:
{
    "id": 1004,
    "username": "tes2",
    "firstName": "Himalya",
    "lastName": "aggrawal",
    "email": "d@gmail.com",
    "password": "test@4 ",
    "phone": "9112763399",
    "userStatus": 0
}
HTTP/1.1 200 OK
Date: Fri, 15 Mar 2024 06:33:55 GMT
Content-Type: application/json
Transfer-Encoding: chunked
Connection: keep-alive
Access-Control-Allow-Origin: *
Access-Control-Allow-Methods: GET, POST, DELETE, PUT
Access-Control-Allow-Headers: Content-Type, api_key, Authorization
Server: Jetty(9.2.9.v20150224)

{
    "code": 200,
    "type": "unknown",
    "message": "1004"
}
]]></system-out>
  </testcase>
  <testcase name="testDeleteUserByUserName[testUser1](1)" classname="api.test.DatadrivenTests" time="2.043">
    <system-out><![CDATA[Request method:	DELETE
Request URI:	https://petstore.swagger.io/v2/user/testUser1
Proxy:			<none>
Request params:	<none>
Query params:	<none>
Form params:	<none>
Path params:	username=testUser1
Headers:		Accept=*/*
Cookies:		<none>
Multiparts:		<none>
Body:			<none>
HTTP/1.1 200 OK
Date: Fri, 15 Mar 2024 06:33:57 GMT
Content-Type: application/json
Transfer-Encoding: chunked
Connection: keep-alive
Access-Control-Allow-Origin: *
Access-Control-Allow-Methods: GET, POST, DELETE, PUT
Access-Control-Allow-Headers: Content-Type, api_key, Authorization
Server: Jetty(9.2.9.v20150224)

{
    "code": 200,
    "type": "unknown",
    "message": "testUser1"
}
]]></system-out>
  </testcase>
  <testcase name="testDeleteUserByUserName[testUser2](2)" classname="api.test.DatadrivenTests" time="1.899">
    <system-out><![CDATA[Request method:	DELETE
Request URI:	https://petstore.swagger.io/v2/user/testUser2
Proxy:			<none>
Request params:	<none>
Query params:	<none>
Form params:	<none>
Path params:	username=testUser2
Headers:		Accept=*/*
Cookies:		<none>
Multiparts:		<none>
Body:			<none>
HTTP/1.1 200 OK
Date: Fri, 15 Mar 2024 06:33:59 GMT
Content-Type: application/json
Transfer-Encoding: chunked
Connection: keep-alive
Access-Control-Allow-Origin: *
Access-Control-Allow-Methods: GET, POST, DELETE, PUT
Access-Control-Allow-Headers: Content-Type, api_key, Authorization
Server: Jetty(9.2.9.v20150224)

{
    "code": 200,
    "type": "unknown",
    "message": "testUser2"
}
]]></system-out>
  </testcase>
  <testcase name="testDeleteUserByUserName[tes](3)" classname="api.test.DatadrivenTests" time="2.1">
    <system-out><![CDATA[Request method:	DELETE
Request URI:	https://petstore.swagger.io/v2/user/tes
Proxy:			<none>
Request params:	<none>
Query params:	<none>
Form params:	<none>
Path params:	username=tes
Headers:		Accept=*/*
Cookies:		<none>
Multiparts:		<none>
Body:			<none>
HTTP/1.1 200 OK
Date: Fri, 15 Mar 2024 06:34:01 GMT
Content-Type: application/json
Transfer-Encoding: chunked
Connection: keep-alive
Access-Control-Allow-Origin: *
Access-Control-Allow-Methods: GET, POST, DELETE, PUT
Access-Control-Allow-Headers: Content-Type, api_key, Authorization
Server: Jetty(9.2.9.v20150224)

{
    "code": 200,
    "type": "unknown",
    "message": "tes"
}
]]></system-out>
  </testcase>
  <testcase name="testDeleteUserByUserName[tes2](4)" classname="api.test.DatadrivenTests" time="2.063">
    <system-out><![CDATA[Request method:	DELETE
Request URI:	https://petstore.swagger.io/v2/user/tes2
Proxy:			<none>
Request params:	<none>
Query params:	<none>
Form params:	<none>
Path params:	username=tes2
Headers:		Accept=*/*
Cookies:		<none>
Multiparts:		<none>
Body:			<none>
HTTP/1.1 200 OK
Date: Fri, 15 Mar 2024 06:34:03 GMT
Content-Type: application/json
Transfer-Encoding: chunked
Connection: keep-alive
Access-Control-Allow-Origin: *
Access-Control-Allow-Methods: GET, POST, DELETE, PUT
Access-Control-Allow-Headers: Content-Type, api_key, Authorization
Server: Jetty(9.2.9.v20150224)

{
    "code": 200,
    "type": "unknown",
    "message": "tes2"
}
]]></system-out>
  </testcase>
  <testcase name="getStoreData[1, 101, 3, 2023-12-26T10:24:41.439Z, placed, TRUE](1)" classname="api.test.DatadrivenTests" time="1.833">
    <system-out><![CDATA[Request method:	POST
Request URI:	https://petstore.swagger.io/v2/store/order
Proxy:			<none>
Request params:	<none>
Query params:	<none>
Form params:	<none>
Path params:	<none>
Headers:		Accept=application/json, application/javascript, text/javascript, text/json
				Content-Type=application/json
Cookies:		<none>
Multiparts:		<none>
Body:
{
    "id": "1",
    "petId": "101",
    "quantity": "3",
    "date": "2024-03-15T06:34:03.953Z",
    "status": "placed",
    "complete": "true"
}
HTTP/1.1 200 OK
Date: Fri, 15 Mar 2024 06:34:05 GMT
Content-Type: application/json
Transfer-Encoding: chunked
Connection: keep-alive
Access-Control-Allow-Origin: *
Access-Control-Allow-Methods: GET, POST, DELETE, PUT
Access-Control-Allow-Headers: Content-Type, api_key, Authorization
Server: Jetty(9.2.9.v20150224)

{
    "id": 1,
    "petId": 101,
    "quantity": 3,
    "status": "placed",
    "complete": true
}
]]></system-out>
  </testcase>
  <testcase name="getStoreData[2, 102, 4, 2023-12-27T10:24:41.439Z, placed, TRUE](2)" classname="api.test.DatadrivenTests" time="2.361">
    <system-out><![CDATA[Request method:	POST
Request URI:	https://petstore.swagger.io/v2/store/order
Proxy:			<none>
Request params:	<none>
Query params:	<none>
Form params:	<none>
Path params:	<none>
Headers:		Accept=application/json, application/javascript, text/javascript, text/json
				Content-Type=application/json
Cookies:		<none>
Multiparts:		<none>
Body:
{
    "id": "2",
    "petId": "102",
    "quantity": "4",
    "date": "2024-03-15T06:34:05.784Z",
    "status": "placed",
    "complete": "true"
}
HTTP/1.1 200 OK
Date: Fri, 15 Mar 2024 06:34:07 GMT
Content-Type: application/json
Transfer-Encoding: chunked
Connection: keep-alive
Access-Control-Allow-Origin: *
Access-Control-Allow-Methods: GET, POST, DELETE, PUT
Access-Control-Allow-Headers: Content-Type, api_key, Authorization
Server: Jetty(9.2.9.v20150224)

{
    "id": 2,
    "petId": 102,
    "quantity": 4,
    "status": "placed",
    "complete": true
}
]]></system-out>
  </testcase>
  <testcase name="getStoreData[3, 103, 6, 2023-12-26T10:24:41.439Z, placed, TRUE](3)" classname="api.test.DatadrivenTests" time="2.061">
    <system-out><![CDATA[Request method:	POST
Request URI:	https://petstore.swagger.io/v2/store/order
Proxy:			<none>
Request params:	<none>
Query params:	<none>
Form params:	<none>
Path params:	<none>
Headers:		Accept=application/json, application/javascript, text/javascript, text/json
				Content-Type=application/json
Cookies:		<none>
Multiparts:		<none>
Body:
{
    "id": "3",
    "petId": "103",
    "quantity": "6",
    "date": "2024-03-15T06:34:08.146Z",
    "status": "placed",
    "complete": "true"
}
HTTP/1.1 200 OK
Date: Fri, 15 Mar 2024 06:34:10 GMT
Content-Type: application/json
Transfer-Encoding: chunked
Connection: keep-alive
Access-Control-Allow-Origin: *
Access-Control-Allow-Methods: GET, POST, DELETE, PUT
Access-Control-Allow-Headers: Content-Type, api_key, Authorization
Server: Jetty(9.2.9.v20150224)

{
    "id": 3,
    "petId": 103,
    "quantity": 6,
    "status": "placed",
    "complete": true
}
]]></system-out>
  </testcase>
  <testcase name="getDataOfCreatedStore" classname="api.test.DatadrivenTests" time="3.944">
    <system-out><![CDATA[Request method:	POST
Request URI:	https://petstore.swagger.io/v2/store/order
Proxy:			<none>
Request params:	<none>
Query params:	<none>
Form params:	<none>
Path params:	<none>
Headers:		Accept=application/json, application/javascript, text/javascript, text/json
				Content-Type=application/json
Cookies:		<none>
Multiparts:		<none>
Body:
{
    "id": "4",
    "petId": "104",
    "quantity": "9",
    "date": "2024-03-15T06:34:10.209Z",
    "status": "placed",
    "complete": "true"
}
HTTP/1.1 200 OK
Date: Fri, 15 Mar 2024 06:34:11 GMT
Content-Type: application/json
Transfer-Encoding: chunked
Connection: keep-alive
Access-Control-Allow-Origin: *
Access-Control-Allow-Methods: GET, POST, DELETE, PUT
Access-Control-Allow-Headers: Content-Type, api_key, Authorization
Server: Jetty(9.2.9.v20150224)

{
    "id": 4,
    "petId": 104,
    "quantity": 9,
    "status": "placed",
    "complete": true
}
Request method:	GET
Request URI:	https://petstore.swagger.io/v2/store/order/4
Proxy:			<none>
Request params:	<none>
Query params:	<none>
Form params:	<none>
Path params:	orderId=4
Headers:		Accept=application/json, application/javascript, text/javascript, text/json
				Content-Type=application/json
Cookies:		<none>
Multiparts:		<none>
Body:			<none>
HTTP/1.1 200 OK
Date: Fri, 15 Mar 2024 06:34:13 GMT
Content-Type: application/json
Transfer-Encoding: chunked
Connection: keep-alive
Access-Control-Allow-Origin: *
Access-Control-Allow-Methods: GET, POST, DELETE, PUT
Access-Control-Allow-Headers: Content-Type, api_key, Authorization
Server: Jetty(9.2.9.v20150224)

{
    "id": 4,
    "petId": 104,
    "quantity": 9,
    "status": "placed",
    "complete": true
}
]]></system-out>
  </testcase>
  <testcase name="deletedataofStore[11, 91, 8, 2023-12-30T12:32:29.277Z, placed, true](1)" classname="api.test.DatadrivenTests" time="6.778">
    <system-out><![CDATA[Request method:	POST
Request URI:	https://petstore.swagger.io/v2/store/order
Proxy:			<none>
Request params:	<none>
Query params:	<none>
Form params:	<none>
Path params:	<none>
Headers:		Accept=application/json, application/javascript, text/javascript, text/json
				Content-Type=application/json
Cookies:		<none>
Multiparts:		<none>
Body:
{
    "id": "11",
    "petId": "91",
    "quantity": "8",
    "date": "2024-03-15T06:34:14.149Z",
    "status": "placed",
    "complete": "true"
}
HTTP/1.1 200 OK
Date: Fri, 15 Mar 2024 06:34:15 GMT
Content-Type: application/json
Transfer-Encoding: chunked
Connection: keep-alive
Access-Control-Allow-Origin: *
Access-Control-Allow-Methods: GET, POST, DELETE, PUT
Access-Control-Allow-Headers: Content-Type, api_key, Authorization
Server: Jetty(9.2.9.v20150224)

{
    "id": 11,
    "petId": 91,
    "quantity": 8,
    "status": "placed",
    "complete": true
}
order details: 11
Request method:	GET
Request URI:	https://petstore.swagger.io/v2/store/order/11
Proxy:			<none>
Request params:	<none>
Query params:	<none>
Form params:	<none>
Path params:	orderId=11
Headers:		Accept=application/json, application/javascript, text/javascript, text/json
				Content-Type=application/json
Cookies:		<none>
Multiparts:		<none>
Body:			<none>
HTTP/1.1 200 OK
Date: Fri, 15 Mar 2024 06:34:18 GMT
Content-Type: application/json
Transfer-Encoding: chunked
Connection: keep-alive
Access-Control-Allow-Origin: *
Access-Control-Allow-Methods: GET, POST, DELETE, PUT
Access-Control-Allow-Headers: Content-Type, api_key, Authorization
Server: Jetty(9.2.9.v20150224)

{
    "id": 11,
    "petId": 91,
    "quantity": 8,
    "status": "placed",
    "complete": true
}
HTTP/1.1 200 OK
Date: Fri, 15 Mar 2024 06:34:20 GMT
Content-Type: application/json
Transfer-Encoding: chunked
Connection: keep-alive
Access-Control-Allow-Origin: *
Access-Control-Allow-Methods: GET, POST, DELETE, PUT
Access-Control-Allow-Headers: Content-Type, api_key, Authorization
Server: Jetty(9.2.9.v20150224)

{
    "code": 200,
    "type": "unknown",
    "message": "11"
}
]]></system-out>
  </testcase>
</testsuite>